-------------------------------------------------------------------------------
Test set: it.sisal.CaosMonkeyPod.CaosMonkeyPodApplicationTest
-------------------------------------------------------------------------------
Tests run: 2, Failures: 1, Errors: 0, Skipped: 0, Time elapsed: 50.709 s <<< FAILURE! - in it.sisal.CaosMonkeyPod.CaosMonkeyPodApplicationTest
deletesJustOnePod  Time elapsed: 42.989 s  <<< FAILURE!
org.opentest4j.AssertionFailedError: expected: <1> but was: <0>
	at it.sisal.CaosMonkeyPod.CaosMonkeyPodApplicationTest.deletesJustOnePod(CaosMonkeyPodApplicationTests.java:83)

