<?xml version="1.0" encoding="UTF-8"?>
<testsuite xmlns:xsi="http://www.w3.org/2001/XMLSchema-instance" xsi:noNamespaceSchemaLocation="https://maven.apache.org/surefire/maven-surefire-plugin/xsd/surefire-test-report.xsd" name="it.sisal.CaosMonkeyPod.CaosMonkeyPodApplicationTest" time="50.709" tests="2" errors="0" skipped="0" failures="1">
  <properties>
[...]
</properties>
  <testcase name="deletesJustOnePod" classname="it.sisal.CaosMonkeyPod.CaosMonkeyPodApplicationTest" time="42.989">
    <failure message="expected: &lt;1&gt; but was: &lt;0&gt;" type="org.opentest4j.AssertionFailedError"><![CDATA[org.opentest4j.AssertionFailedError: expected: <1> but was: <0>
	at it.sisal.CaosMonkeyPod.CaosMonkeyPodApplicationTest.deletesJustOnePod(CaosMonkeyPodApplicationTests.java:83)
]]></failure>
    <system-out><![CDATA[Deleted pod: nginx-deployment-ff6774dc6-xtd28
Deleted pod: nginx-deployment-ff6774dc6-xtd28
]]></system-out>
  </testcase>
  <testcase name="deleteRandomPod_deletesPod" classname="it.sisal.CaosMonkeyPod.CaosMonkeyPodApplicationTest" time="7.521"/>
</testsuite>